Determining if the function __secure_getenv exists failed with the following output:
Change Dir: /home/tesscat/tracer/build/CMakeFiles/CMakeScratch/TryCompile-xTVQ3j

Run Build Command(s):/usr/bin/make -f Makefile cmTC_3f352/fast && /usr/bin/make  -f CMakeFiles/cmTC_3f352.dir/build.make CMakeFiles/cmTC_3f352.dir/build
make[1]: Entering directory '/home/tesscat/tracer/build/CMakeFiles/CMakeScratch/TryCompile-xTVQ3j'
Building C object CMakeFiles/cmTC_3f352.dir/CheckFunctionExists.c.o
/usr/bin/cc   -DCHECK_FUNCTION_EXISTS=__secure_getenv -o CMakeFiles/cmTC_3f352.dir/CheckFunctionExists.c.o -c /home/tesscat/tracer/build/CMakeFiles/CMakeScratch/TryCompile-xTVQ3j/CheckFunctionExists.c
Linking C executable cmTC_3f352
/usr/bin/cmake -E cmake_link_script CMakeFiles/cmTC_3f352.dir/link.txt --verbose=1
/usr/bin/cc  -DCHECK_FUNCTION_EXISTS=__secure_getenv -rdynamic CMakeFiles/cmTC_3f352.dir/CheckFunctionExists.c.o -o cmTC_3f352 
/usr/bin/ld: CMakeFiles/cmTC_3f352.dir/CheckFunctionExists.c.o: in function `main':
CheckFunctionExists.c:(.text+0x10): undefined reference to `__secure_getenv'
collect2: error: ld returned 1 exit status
make[1]: *** [CMakeFiles/cmTC_3f352.dir/build.make:99: cmTC_3f352] Error 1
make[1]: Leaving directory '/home/tesscat/tracer/build/CMakeFiles/CMakeScratch/TryCompile-xTVQ3j'
make: *** [Makefile:127: cmTC_3f352/fast] Error 2



